<?xml version="1.0" encoding="utf-8"?><testsuites name="pytest tests"><testsuite name="pytest" errors="0" failures="0" skipped="0" tests="18" time="5.304" timestamp="2026-04-16T23:16:02.691943+00:00" hostname="agent-env-e283e397-21b6-44a2-894b-ed896237cf46"><testcase classname="backend.tests.test_api.TestHealthAndBasics" name="test_api_reachable" time="0.174" /><testcase classname="backend.tests.test_api.TestAuthEndpoints" name="test_login_success" time="0.341" /><testcase classname="backend.tests.test_api.TestAuthEndpoints" name="test_login_invalid_credentials" time="0.140" /><testcase classname="backend.tests.test_api.TestAuthEndpoints" name="test_login_invalid_email_format" time="0.161" /><testcase classname="backend.tests.test_api.TestAuthEndpoints" name="test_get_me_unauthenticated" time="0.129" /><testcase classname="backend.tests.test_api.TestAuthEndpoints" name="test_get_me_authenticated" time="0.451" /><testcase classname="backend.tests.test_api.TestAuthEndpoints" name="test_register_new_user" time="0.156" /><testcase classname="backend.tests.test_api.TestAuthEndpoints" name="test_register_short_password" time="0.108" /><testcase classname="backend.tests.test_api.TestAuthEndpoints" name="test_logout" time="0.514" /><testcase classname="backend.tests.test_api.TestSettingsEndpoints" name="test_get_settings_unauthenticated" time="0.118" /><testcase classname="backend.tests.test_api.TestSettingsEndpoints" name="test_get_settings_authenticated" time="0.401" /><testcase classname="backend.tests.test_api.TestSettingsEndpoints" name="test_update_settings" time="0.498" /><testcase classname="backend.tests.test_api.TestRunsEndpoints" name="test_get_runs_unauthenticated" time="0.114" /><testcase classname="backend.tests.test_api.TestRunsEndpoints" name="test_get_runs_authenticated" time="0.487" /><testcase classname="backend.tests.test_api.TestUploadEndpoints" name="test_upload_unauthenticated" time="0.102" /><testcase classname="backend.tests.test_api.TestUploadEndpoints" name="test_upload_invalid_file_type" time="0.396" /><testcase classname="backend.tests.test_api.TestUploadEndpoints" name="test_upload_pdf_creates_run" time="0.570" /><testcase classname="backend.tests.test_api.TestBruteForceProtection" name="test_brute_force_lockout" time="0.369" /></testsuite></testsuites>